Arguments: 
  D:\Program Files\nodejs\node.exe C:\Program Files (x86)\Yarn\bin\yarn.js install

PATH: 
  C:\Python39\Scripts\;C:\Python39\;C:\Program Files (x86)\Common Files\Oracle\Java\javapath;C:\Program Files\Common Files\Siemens\Automation\Simatic OAM\bin;C:\Program Files (x86)\SIEMENS\S7-PCT\bin;C:\Program Files (x86)\Intel\Intel(R) Management Engine Components\iCLS\;C:\Program Files\Intel\Intel(R) Management Engine Components\iCLS\;C:\Windows\system32;C:\Windows;C:\Windows\System32\Wbem;C:\Windows\System32\WindowsPowerShell\v1.0\;C:\Windows\System32\OpenSSH\;C:\Program Files (x86)\NVIDIA Corporation\PhysX\Common;C:\Program Files (x86)\Intel\Intel(R) Management Engine Components\DAL;C:\Program Files\Intel\Intel(R) Management Engine Components\DAL;C:\Program Files (x86)\Intel\Intel(R) Management Engine Components\IPT;C:\Program Files\Intel\Intel(R) Management Engine Components\IPT;C:\Program Files\NVIDIA Corporation\NVIDIA NvDLISR;C:\Program Files\dotnet\;C:\ProgramData\chocolatey\bin;c:\opt\chocolatey\bin;C:\Program Files\Cppcheck;C:\Program Files\PKWARE\pkzipc;C:\Program Files (x86)\IVI Foundation\VISA\WinNT\Bin\;C:\Program Files\IVI Foundation\VISA\Win64\Bin\;C:\Program Files (x86)\IVI Foundation\VISA\WinNT\Bin;C:\Program Files\Microsoft SQL Server\130\Tools\Binn\;C:\Program Files\Microsoft SQL Server\Client SDK\ODBC\170\Tools\Binn\;C:\Program Files\MongoDB\Server\4.2\bin;C:\Program Files\Memurai\;C:\Program Files\erl10.7\bin;C:\Program Files (x86)\Microsoft SQL Server\150\Tools\Binn\;C:\Program Files\Microsoft SQL Server\150\Tools\Binn\;C:\Program Files\Microsoft SQL Server\150\DTS\Binn\;C:\Program Files (x86)\Microsoft SQL Server\150\DTS\Binn\;C:\Program Files\Azure Data Studio\bin;D:\Program Files\nodejs\;C:\Program Files\OpenJDK\openjdk-8u275-b01\bin;C:\Program Files (x86)\Yarn\bin\;C:\Users\berkaya\AppData\Roaming\npm;C:\Program Files (x86)\Microsoft SDKs\Windows\v10.0A\bin\NETFX 4.8 Tools;C:\Program Files (x86)\Microsoft SDKs\Windows\v10.0A\bin\;D:\Program Files (x86)\Windows Kits\10\Windows Performance Toolkit\;C:\Program Files\Git\cmd;C:\Program Files (x86)\STMicroelectronics\STM32 ST-LINK Utility\ST-LINK Utility;C:\Users\berkaya\AppData\Local\Microsoft\WindowsApps;C:\Users\berkaya\AppData\Local\atom\bin;D:\intelFPGA_pro\19.3\modelsim_ase\win32aloem;C:\Users\berkaya\.dotnet\tools;C:\Users\berkaya\.dotnet\tools;E:\Program Files\JetBrains\PhpStorm 2020.2.1\bin;;C:\Program Files\Azure Data Studio\bin;C:\Users\berkaya\AppData\Roaming\npm;C:\Users\berkaya\AppData\Local\Android\Sdk\platform-tools;;D:\Users\berkaya\AppData\Local\Programs\Microsoft VS Code\bin;C:\Users\berkaya\AppData\Local\Yarn\bin

Yarn version: 
  1.22.5

Node version: 
  15.2.1

Platform: 
  win32 x64

Trace: 
  Error: connect ENETUNREACH 104.16.17.35:443
      at TCPConnectWrap.afterConnect [as oncomplete] (node:net:1128:16)

npm manifest: 
  {
    "name": "argon-react-native",
    "version": "1.6.0",
    "description": "Argon React Native, based on Argon Design System. Coded by Creative Tim",
    "main": "node_modules/expo/AppEntry.js",
    "scripts": {
      "start": "expo start",
      "android": "expo start --android",
      "ios": "expo start --ios",
      "eject": "expo eject"
    },
    "repository": {
      "type": "git",
      "url": "git+https://github.com/creativetimofficial/argon-react-native.git"
    },
    "dependencies": {
      "@react-native-community/masked-view": "0.1.10",
      "@react-navigation/bottom-tabs": "^5.0.6",
      "@react-navigation/compat": "^5.0.0",
      "@react-navigation/drawer": "5.0.0",
      "@react-navigation/native": "5.0.0",
      "@react-navigation/stack": "5.0.0",
      "@use-expo/font": "^2.0.0",
      "expo": "^39.0.0",
      "expo-asset": "~8.2.0",
      "expo-font": "~8.3.0",
      "galio-framework": "^0.7.1",
      "prop-types": "^15.7.2",
      "react": "16.13.1",
      "react-native": "https://github.com/expo/react-native/archive/sdk-39.0.3.tar.gz",
      "react-native-gesture-handler": "~1.7.0",
      "react-native-modal-dropdown": "git+https://github.com/siemiatj/react-native-modal-dropdown.git",
      "react-native-reanimated": "~1.13.0",
      "react-native-safe-area-context": "3.1.4",
      "react-native-screens": "~2.10.1"
    },
    "devDependencies": {
      "babel-preset-expo": "^8.3.0"
    },
    "keywords": [
      "argon react native",
      "argon design system",
      "argon app react native",
      "argon iOS",
      "react native iOS",
      "creative tim",
      "argon Android",
      "react native ui kit",
      "react native expo",
      "freebie",
      "react native argon design",
      "react native galio",
      "galio argon free",
      "galio react native free app",
      "argon expo react native",
      "react native ui template"
    ],
    "author": "Creative Tim <hello@creative-tim.com> (https://www.creative-tim.com/)",
    "license": "MIT",
    "bugs": {
      "url": "https://github.com/creativetimofficial/argon-react-native/issues"
    },
    "homepage": "https://demos.creative-tim.com/argon-react-native"
  }

yarn manifest: 
  No manifest

Lockfile: 
  No lockfile
